<?xml version="1.0" encoding="UTF-8"?>
<testsuite xmlns:xsi="http://www.w3.org/2001/XMLSchema-instance" xsi:noNamespaceSchemaLocation="https://maven.apache.org/surefire/maven-surefire-plugin/xsd/surefire-test-report.xsd" name="com.cuisf.SpringbootShiro01ApplicationTests" time="4.236" tests="1" errors="0" skipped="0" failures="0">
  <properties>
    <property name="sun.desktop" value="windows"/>
    <property name="awt.toolkit" value="sun.awt.windows.WToolkit"/>
    <property name="file.encoding.pkg" value="sun.io"/>
    <property name="java.specification.version" value="1.8"/>
    <property name="sun.cpu.isalist" value="amd64"/>
    <property name="sun.jnu.encoding" value="GBK"/>
    <property name="java.class.path" value="G:\learn_workspace\springboot-shiro-01\target\test-classes;G:\learn_workspace\springboot-shiro-01\target\classes;D:\soft\Maven\Maven_Res\repository\org\springframework\boot\spring-boot-starter-jdbc\2.5.3\spring-boot-starter-jdbc-2.5.3.jar;D:\soft\Maven\Maven_Res\repository\org\springframework\boot\spring-boot-starter\2.5.3\spring-boot-starter-2.5.3.jar;D:\soft\Maven\Maven_Res\repository\org\springframework\boot\spring-boot-starter-logging\2.5.3\spring-boot-starter-logging-2.5.3.jar;D:\soft\Maven\Maven_Res\repository\ch\qos\logback\logback-classic\1.2.4\logback-classic-1.2.4.jar;D:\soft\Maven\Maven_Res\repository\ch\qos\logback\logback-core\1.2.4\logback-core-1.2.4.jar;D:\soft\Maven\Maven_Res\repository\org\apache\logging\log4j\log4j-to-slf4j\2.14.1\log4j-to-slf4j-2.14.1.jar;D:\soft\Maven\Maven_Res\repository\org\apache\logging\log4j\log4j-api\2.14.1\log4j-api-2.14.1.jar;D:\soft\Maven\Maven_Res\repository\org\slf4j\jul-to-slf4j\1.7.32\jul-to-slf4j-1.7.32.jar;D:\soft\Maven\Maven_Res\repository\jakarta\annotation\jakarta.annotation-api\1.3.5\jakarta.annotation-api-1.3.5.jar;D:\soft\Maven\Maven_Res\repository\org\yaml\snakeyaml\1.28\snakeyaml-1.28.jar;D:\soft\Maven\Maven_Res\repository\com\zaxxer\HikariCP\4.0.3\HikariCP-4.0.3.jar;D:\soft\Maven\Maven_Res\repository\org\slf4j\slf4j-api\1.7.32\slf4j-api-1.7.32.jar;D:\soft\Maven\Maven_Res\repository\org\springframework\spring-jdbc\5.3.9\spring-jdbc-5.3.9.jar;D:\soft\Maven\Maven_Res\repository\org\springframework\spring-beans\5.3.9\spring-beans-5.3.9.jar;D:\soft\Maven\Maven_Res\repository\org\springframework\spring-tx\5.3.9\spring-tx-5.3.9.jar;D:\soft\Maven\Maven_Res\repository\org\springframework\boot\spring-boot-starter-web\2.5.3\spring-boot-starter-web-2.5.3.jar;D:\soft\Maven\Maven_Res\repository\org\springframework\boot\spring-boot-starter-json\2.5.3\spring-boot-starter-json-2.5.3.jar;D:\soft\Maven\Maven_Res\repository\com\fasterxml\jackson\core\jackson-databind\2.12.4\jackson-databind-2.12.4.jar;D:\soft\Maven\Maven_Res\repository\com\fasterxml\jackson\core\jackson-annotations\2.12.4\jackson-annotations-2.12.4.jar;D:\soft\Maven\Maven_Res\repository\com\fasterxml\jackson\core\jackson-core\2.12.4\jackson-core-2.12.4.jar;D:\soft\Maven\Maven_Res\repository\com\fasterxml\jackson\datatype\jackson-datatype-jdk8\2.12.4\jackson-datatype-jdk8-2.12.4.jar;D:\soft\Maven\Maven_Res\repository\com\fasterxml\jackson\datatype\jackson-datatype-jsr310\2.12.4\jackson-datatype-jsr310-2.12.4.jar;D:\soft\Maven\Maven_Res\repository\com\fasterxml\jackson\module\jackson-module-parameter-names\2.12.4\jackson-module-parameter-names-2.12.4.jar;D:\soft\Maven\Maven_Res\repository\org\springframework\boot\spring-boot-starter-tomcat\2.5.3\spring-boot-starter-tomcat-2.5.3.jar;D:\soft\Maven\Maven_Res\repository\org\apache\tomcat\embed\tomcat-embed-websocket\9.0.50\tomcat-embed-websocket-9.0.50.jar;D:\soft\Maven\Maven_Res\repository\org\springframework\spring-web\5.3.9\spring-web-5.3.9.jar;D:\soft\Maven\Maven_Res\repository\org\springframework\spring-webmvc\5.3.9\spring-webmvc-5.3.9.jar;D:\soft\Maven\Maven_Res\repository\org\springframework\spring-aop\5.3.9\spring-aop-5.3.9.jar;D:\soft\Maven\Maven_Res\repository\org\springframework\spring-context\5.3.9\spring-context-5.3.9.jar;D:\soft\Maven\Maven_Res\repository\org\springframework\spring-expression\5.3.9\spring-expression-5.3.9.jar;D:\soft\Maven\Maven_Res\repository\org\mybatis\spring\boot\mybatis-spring-boot-starter\2.2.0\mybatis-spring-boot-starter-2.2.0.jar;D:\soft\Maven\Maven_Res\repository\org\mybatis\spring\boot\mybatis-spring-boot-autoconfigure\2.2.0\mybatis-spring-boot-autoconfigure-2.2.0.jar;D:\soft\Maven\Maven_Res\repository\org\mybatis\mybatis\3.5.7\mybatis-3.5.7.jar;D:\soft\Maven\Maven_Res\repository\org\mybatis\mybatis-spring\2.0.6\mybatis-spring-2.0.6.jar;D:\soft\Maven\Maven_Res\repository\org\springframework\boot\spring-boot-devtools\2.5.3\spring-boot-devtools-2.5.3.jar;D:\soft\Maven\Maven_Res\repository\org\springframework\boot\spring-boot\2.5.3\spring-boot-2.5.3.jar;D:\soft\Maven\Maven_Res\repository\org\springframework\boot\spring-boot-autoconfigure\2.5.3\spring-boot-autoconfigure-2.5.3.jar;D:\soft\Maven\Maven_Res\repository\mysql\mysql-connector-java\8.0.26\mysql-connector-java-8.0.26.jar;D:\soft\Maven\Maven_Res\repository\org\springframework\boot\spring-boot-configuration-processor\2.5.3\spring-boot-configuration-processor-2.5.3.jar;D:\soft\Maven\Maven_Res\repository\org\projectlombok\lombok\1.18.20\lombok-1.18.20.jar;D:\soft\Maven\Maven_Res\repository\org\springframework\boot\spring-boot-starter-test\2.5.3\spring-boot-starter-test-2.5.3.jar;D:\soft\Maven\Maven_Res\repository\org\springframework\boot\spring-boot-test\2.5.3\spring-boot-test-2.5.3.jar;D:\soft\Maven\Maven_Res\repository\org\springframework\boot\spring-boot-test-autoconfigure\2.5.3\spring-boot-test-autoconfigure-2.5.3.jar;D:\soft\Maven\Maven_Res\repository\com\jayway\jsonpath\json-path\2.5.0\json-path-2.5.0.jar;D:\soft\Maven\Maven_Res\repository\net\minidev\json-smart\2.4.7\json-smart-2.4.7.jar;D:\soft\Maven\Maven_Res\repository\net\minidev\accessors-smart\2.4.7\accessors-smart-2.4.7.jar;D:\soft\Maven\Maven_Res\repository\org\ow2\asm\asm\9.1\asm-9.1.jar;D:\soft\Maven\Maven_Res\repository\jakarta\xml\bind\jakarta.xml.bind-api\2.3.3\jakarta.xml.bind-api-2.3.3.jar;D:\soft\Maven\Maven_Res\repository\jakarta\activation\jakarta.activation-api\1.2.2\jakarta.activation-api-1.2.2.jar;D:\soft\Maven\Maven_Res\repository\org\assertj\assertj-core\3.19.0\assertj-core-3.19.0.jar;D:\soft\Maven\Maven_Res\repository\org\hamcrest\hamcrest\2.2\hamcrest-2.2.jar;D:\soft\Maven\Maven_Res\repository\org\junit\jupiter\junit-jupiter\5.7.2\junit-jupiter-5.7.2.jar;D:\soft\Maven\Maven_Res\repository\org\junit\jupiter\junit-jupiter-api\5.7.2\junit-jupiter-api-5.7.2.jar;D:\soft\Maven\Maven_Res\repository\org\apiguardian\apiguardian-api\1.1.0\apiguardian-api-1.1.0.jar;D:\soft\Maven\Maven_Res\repository\org\opentest4j\opentest4j\1.2.0\opentest4j-1.2.0.jar;D:\soft\Maven\Maven_Res\repository\org\junit\platform\junit-platform-commons\1.7.2\junit-platform-commons-1.7.2.jar;D:\soft\Maven\Maven_Res\repository\org\junit\jupiter\junit-jupiter-params\5.7.2\junit-jupiter-params-5.7.2.jar;D:\soft\Maven\Maven_Res\repository\org\junit\jupiter\junit-jupiter-engine\5.7.2\junit-jupiter-engine-5.7.2.jar;D:\soft\Maven\Maven_Res\repository\org\junit\platform\junit-platform-engine\1.7.2\junit-platform-engine-1.7.2.jar;D:\soft\Maven\Maven_Res\repository\org\mockito\mockito-core\3.9.0\mockito-core-3.9.0.jar;D:\soft\Maven\Maven_Res\repository\net\bytebuddy\byte-buddy\1.10.22\byte-buddy-1.10.22.jar;D:\soft\Maven\Maven_Res\repository\net\bytebuddy\byte-buddy-agent\1.10.22\byte-buddy-agent-1.10.22.jar;D:\soft\Maven\Maven_Res\repository\org\objenesis\objenesis\3.2\objenesis-3.2.jar;D:\soft\Maven\Maven_Res\repository\org\mockito\mockito-junit-jupiter\3.9.0\mockito-junit-jupiter-3.9.0.jar;D:\soft\Maven\Maven_Res\repository\org\skyscreamer\jsonassert\1.5.0\jsonassert-1.5.0.jar;D:\soft\Maven\Maven_Res\repository\com\vaadin\external\google\android-json\0.0.20131108.vaadin1\android-json-0.0.20131108.vaadin1.jar;D:\soft\Maven\Maven_Res\repository\org\springframework\spring-core\5.3.9\spring-core-5.3.9.jar;D:\soft\Maven\Maven_Res\repository\org\springframework\spring-jcl\5.3.9\spring-jcl-5.3.9.jar;D:\soft\Maven\Maven_Res\repository\org\springframework\spring-test\5.3.9\spring-test-5.3.9.jar;D:\soft\Maven\Maven_Res\repository\org\xmlunit\xmlunit-core\2.8.2\xmlunit-core-2.8.2.jar;D:\soft\Maven\Maven_Res\repository\org\apache\tomcat\embed\tomcat-embed-jasper\9.0.50\tomcat-embed-jasper-9.0.50.jar;D:\soft\Maven\Maven_Res\repository\org\apache\tomcat\embed\tomcat-embed-core\9.0.50\tomcat-embed-core-9.0.50.jar;D:\soft\Maven\Maven_Res\repository\org\apache\tomcat\tomcat-annotations-api\9.0.50\tomcat-annotations-api-9.0.50.jar;D:\soft\Maven\Maven_Res\repository\org\apache\tomcat\embed\tomcat-embed-el\9.0.50\tomcat-embed-el-9.0.50.jar;D:\soft\Maven\Maven_Res\repository\org\eclipse\jdt\ecj\3.18.0\ecj-3.18.0.jar;D:\soft\Maven\Maven_Res\repository\jstl\jstl\1.2\jstl-1.2.jar;D:\soft\Maven\Maven_Res\repository\org\apache\shiro\shiro-spring-boot-starter\1.5.3\shiro-spring-boot-starter-1.5.3.jar;D:\soft\Maven\Maven_Res\repository\org\apache\shiro\shiro-spring\1.5.3\shiro-spring-1.5.3.jar;D:\soft\Maven\Maven_Res\repository\org\apache\shiro\shiro-core\1.5.3\shiro-core-1.5.3.jar;D:\soft\Maven\Maven_Res\repository\org\apache\shiro\shiro-lang\1.5.3\shiro-lang-1.5.3.jar;D:\soft\Maven\Maven_Res\repository\org\apache\shiro\shiro-cache\1.5.3\shiro-cache-1.5.3.jar;D:\soft\Maven\Maven_Res\repository\org\apache\shiro\shiro-crypto-hash\1.5.3\shiro-crypto-hash-1.5.3.jar;D:\soft\Maven\Maven_Res\repository\org\apache\shiro\shiro-crypto-core\1.5.3\shiro-crypto-core-1.5.3.jar;D:\soft\Maven\Maven_Res\repository\org\apache\shiro\shiro-crypto-cipher\1.5.3\shiro-crypto-cipher-1.5.3.jar;D:\soft\Maven\Maven_Res\repository\org\apache\shiro\shiro-config-core\1.5.3\shiro-config-core-1.5.3.jar;D:\soft\Maven\Maven_Res\repository\org\apache\shiro\shiro-config-ogdl\1.5.3\shiro-config-ogdl-1.5.3.jar;D:\soft\Maven\Maven_Res\repository\commons-beanutils\commons-beanutils\1.9.4\commons-beanutils-1.9.4.jar;D:\soft\Maven\Maven_Res\repository\commons-collections\commons-collections\3.2.2\commons-collections-3.2.2.jar;D:\soft\Maven\Maven_Res\repository\org\apache\shiro\shiro-event\1.5.3\shiro-event-1.5.3.jar;D:\soft\Maven\Maven_Res\repository\org\apache\shiro\shiro-web\1.5.3\shiro-web-1.5.3.jar;D:\soft\Maven\Maven_Res\repository\org\owasp\encoder\encoder\1.2.2\encoder-1.2.2.jar;D:\soft\Maven\Maven_Res\repository\com\alibaba\druid\1.1.24\druid-1.1.24.jar;"/>
    <property name="java.vm.vendor" value="Oracle Corporation"/>
    <property name="sun.arch.data.model" value="64"/>
    <property name="user.variant" value=""/>
    <property name="java.vendor.url" value="http://java.oracle.com/"/>
    <property name="user.timezone" value="Asia/Shanghai"/>
    <property name="java.vm.specification.version" value="1.8"/>
    <property name="os.name" value="Windows 7"/>
    <property name="user.country" value="CN"/>
    <property name="sun.java.launcher" value="SUN_STANDARD"/>
    <property name="sun.boot.library.path" value="D:\soft\JDK\8\64\jdk1.8.0_211\jre\bin"/>
    <property name="sun.java.command" value="C:\Users\ADMINI~1\AppData\Local\Temp\surefire3383561664685202523\surefirebooter1021091501190879744.jar C:\Users\Administrator\AppData\Local\Temp\surefire3383561664685202523 2021-08-06T14-49-47_687-jvmRun1 surefire272914539277291474tmp surefire_01952281589080975582tmp"/>
    <property name="surefire.test.class.path" value="G:\learn_workspace\springboot-shiro-01\target\test-classes;G:\learn_workspace\springboot-shiro-01\target\classes;D:\soft\Maven\Maven_Res\repository\org\springframework\boot\spring-boot-starter-jdbc\2.5.3\spring-boot-starter-jdbc-2.5.3.jar;D:\soft\Maven\Maven_Res\repository\org\springframework\boot\spring-boot-starter\2.5.3\spring-boot-starter-2.5.3.jar;D:\soft\Maven\Maven_Res\repository\org\springframework\boot\spring-boot-starter-logging\2.5.3\spring-boot-starter-logging-2.5.3.jar;D:\soft\Maven\Maven_Res\repository\ch\qos\logback\logback-classic\1.2.4\logback-classic-1.2.4.jar;D:\soft\Maven\Maven_Res\repository\ch\qos\logback\logback-core\1.2.4\logback-core-1.2.4.jar;D:\soft\Maven\Maven_Res\repository\org\apache\logging\log4j\log4j-to-slf4j\2.14.1\log4j-to-slf4j-2.14.1.jar;D:\soft\Maven\Maven_Res\repository\org\apache\logging\log4j\log4j-api\2.14.1\log4j-api-2.14.1.jar;D:\soft\Maven\Maven_Res\repository\org\slf4j\jul-to-slf4j\1.7.32\jul-to-slf4j-1.7.32.jar;D:\soft\Maven\Maven_Res\repository\jakarta\annotation\jakarta.annotation-api\1.3.5\jakarta.annotation-api-1.3.5.jar;D:\soft\Maven\Maven_Res\repository\org\yaml\snakeyaml\1.28\snakeyaml-1.28.jar;D:\soft\Maven\Maven_Res\repository\com\zaxxer\HikariCP\4.0.3\HikariCP-4.0.3.jar;D:\soft\Maven\Maven_Res\repository\org\slf4j\slf4j-api\1.7.32\slf4j-api-1.7.32.jar;D:\soft\Maven\Maven_Res\repository\org\springframework\spring-jdbc\5.3.9\spring-jdbc-5.3.9.jar;D:\soft\Maven\Maven_Res\repository\org\springframework\spring-beans\5.3.9\spring-beans-5.3.9.jar;D:\soft\Maven\Maven_Res\repository\org\springframework\spring-tx\5.3.9\spring-tx-5.3.9.jar;D:\soft\Maven\Maven_Res\repository\org\springframework\boot\spring-boot-starter-web\2.5.3\spring-boot-starter-web-2.5.3.jar;D:\soft\Maven\Maven_Res\repository\org\springframework\boot\spring-boot-starter-json\2.5.3\spring-boot-starter-json-2.5.3.jar;D:\soft\Maven\Maven_Res\repository\com\fasterxml\jackson\core\jackson-databind\2.12.4\jackson-databind-2.12.4.jar;D:\soft\Maven\Maven_Res\repository\com\fasterxml\jackson\core\jackson-annotations\2.12.4\jackson-annotations-2.12.4.jar;D:\soft\Maven\Maven_Res\repository\com\fasterxml\jackson\core\jackson-core\2.12.4\jackson-core-2.12.4.jar;D:\soft\Maven\Maven_Res\repository\com\fasterxml\jackson\datatype\jackson-datatype-jdk8\2.12.4\jackson-datatype-jdk8-2.12.4.jar;D:\soft\Maven\Maven_Res\repository\com\fasterxml\jackson\datatype\jackson-datatype-jsr310\2.12.4\jackson-datatype-jsr310-2.12.4.jar;D:\soft\Maven\Maven_Res\repository\com\fasterxml\jackson\module\jackson-module-parameter-names\2.12.4\jackson-module-parameter-names-2.12.4.jar;D:\soft\Maven\Maven_Res\repository\org\springframework\boot\spring-boot-starter-tomcat\2.5.3\spring-boot-starter-tomcat-2.5.3.jar;D:\soft\Maven\Maven_Res\repository\org\apache\tomcat\embed\tomcat-embed-websocket\9.0.50\tomcat-embed-websocket-9.0.50.jar;D:\soft\Maven\Maven_Res\repository\org\springframework\spring-web\5.3.9\spring-web-5.3.9.jar;D:\soft\Maven\Maven_Res\repository\org\springframework\spring-webmvc\5.3.9\spring-webmvc-5.3.9.jar;D:\soft\Maven\Maven_Res\repository\org\springframework\spring-aop\5.3.9\spring-aop-5.3.9.jar;D:\soft\Maven\Maven_Res\repository\org\springframework\spring-context\5.3.9\spring-context-5.3.9.jar;D:\soft\Maven\Maven_Res\repository\org\springframework\spring-expression\5.3.9\spring-expression-5.3.9.jar;D:\soft\Maven\Maven_Res\repository\org\mybatis\spring\boot\mybatis-spring-boot-starter\2.2.0\mybatis-spring-boot-starter-2.2.0.jar;D:\soft\Maven\Maven_Res\repository\org\mybatis\spring\boot\mybatis-spring-boot-autoconfigure\2.2.0\mybatis-spring-boot-autoconfigure-2.2.0.jar;D:\soft\Maven\Maven_Res\repository\org\mybatis\mybatis\3.5.7\mybatis-3.5.7.jar;D:\soft\Maven\Maven_Res\repository\org\mybatis\mybatis-spring\2.0.6\mybatis-spring-2.0.6.jar;D:\soft\Maven\Maven_Res\repository\org\springframework\boot\spring-boot-devtools\2.5.3\spring-boot-devtools-2.5.3.jar;D:\soft\Maven\Maven_Res\repository\org\springframework\boot\spring-boot\2.5.3\spring-boot-2.5.3.jar;D:\soft\Maven\Maven_Res\repository\org\springframework\boot\spring-boot-autoconfigure\2.5.3\spring-boot-autoconfigure-2.5.3.jar;D:\soft\Maven\Maven_Res\repository\mysql\mysql-connector-java\8.0.26\mysql-connector-java-8.0.26.jar;D:\soft\Maven\Maven_Res\repository\org\springframework\boot\spring-boot-configuration-processor\2.5.3\spring-boot-configuration-processor-2.5.3.jar;D:\soft\Maven\Maven_Res\repository\org\projectlombok\lombok\1.18.20\lombok-1.18.20.jar;D:\soft\Maven\Maven_Res\repository\org\springframework\boot\spring-boot-starter-test\2.5.3\spring-boot-starter-test-2.5.3.jar;D:\soft\Maven\Maven_Res\repository\org\springframework\boot\spring-boot-test\2.5.3\spring-boot-test-2.5.3.jar;D:\soft\Maven\Maven_Res\repository\org\springframework\boot\spring-boot-test-autoconfigure\2.5.3\spring-boot-test-autoconfigure-2.5.3.jar;D:\soft\Maven\Maven_Res\repository\com\jayway\jsonpath\json-path\2.5.0\json-path-2.5.0.jar;D:\soft\Maven\Maven_Res\repository\net\minidev\json-smart\2.4.7\json-smart-2.4.7.jar;D:\soft\Maven\Maven_Res\repository\net\minidev\accessors-smart\2.4.7\accessors-smart-2.4.7.jar;D:\soft\Maven\Maven_Res\repository\org\ow2\asm\asm\9.1\asm-9.1.jar;D:\soft\Maven\Maven_Res\repository\jakarta\xml\bind\jakarta.xml.bind-api\2.3.3\jakarta.xml.bind-api-2.3.3.jar;D:\soft\Maven\Maven_Res\repository\jakarta\activation\jakarta.activation-api\1.2.2\jakarta.activation-api-1.2.2.jar;D:\soft\Maven\Maven_Res\repository\org\assertj\assertj-core\3.19.0\assertj-core-3.19.0.jar;D:\soft\Maven\Maven_Res\repository\org\hamcrest\hamcrest\2.2\hamcrest-2.2.jar;D:\soft\Maven\Maven_Res\repository\org\junit\jupiter\junit-jupiter\5.7.2\junit-jupiter-5.7.2.jar;D:\soft\Maven\Maven_Res\repository\org\junit\jupiter\junit-jupiter-api\5.7.2\junit-jupiter-api-5.7.2.jar;D:\soft\Maven\Maven_Res\repository\org\apiguardian\apiguardian-api\1.1.0\apiguardian-api-1.1.0.jar;D:\soft\Maven\Maven_Res\repository\org\opentest4j\opentest4j\1.2.0\opentest4j-1.2.0.jar;D:\soft\Maven\Maven_Res\repository\org\junit\platform\junit-platform-commons\1.7.2\junit-platform-commons-1.7.2.jar;D:\soft\Maven\Maven_Res\repository\org\junit\jupiter\junit-jupiter-params\5.7.2\junit-jupiter-params-5.7.2.jar;D:\soft\Maven\Maven_Res\repository\org\junit\jupiter\junit-jupiter-engine\5.7.2\junit-jupiter-engine-5.7.2.jar;D:\soft\Maven\Maven_Res\repository\org\junit\platform\junit-platform-engine\1.7.2\junit-platform-engine-1.7.2.jar;D:\soft\Maven\Maven_Res\repository\org\mockito\mockito-core\3.9.0\mockito-core-3.9.0.jar;D:\soft\Maven\Maven_Res\repository\net\bytebuddy\byte-buddy\1.10.22\byte-buddy-1.10.22.jar;D:\soft\Maven\Maven_Res\repository\net\bytebuddy\byte-buddy-agent\1.10.22\byte-buddy-agent-1.10.22.jar;D:\soft\Maven\Maven_Res\repository\org\objenesis\objenesis\3.2\objenesis-3.2.jar;D:\soft\Maven\Maven_Res\repository\org\mockito\mockito-junit-jupiter\3.9.0\mockito-junit-jupiter-3.9.0.jar;D:\soft\Maven\Maven_Res\repository\org\skyscreamer\jsonassert\1.5.0\jsonassert-1.5.0.jar;D:\soft\Maven\Maven_Res\repository\com\vaadin\external\google\android-json\0.0.20131108.vaadin1\android-json-0.0.20131108.vaadin1.jar;D:\soft\Maven\Maven_Res\repository\org\springframework\spring-core\5.3.9\spring-core-5.3.9.jar;D:\soft\Maven\Maven_Res\repository\org\springframework\spring-jcl\5.3.9\spring-jcl-5.3.9.jar;D:\soft\Maven\Maven_Res\repository\org\springframework\spring-test\5.3.9\spring-test-5.3.9.jar;D:\soft\Maven\Maven_Res\repository\org\xmlunit\xmlunit-core\2.8.2\xmlunit-core-2.8.2.jar;D:\soft\Maven\Maven_Res\repository\org\apache\tomcat\embed\tomcat-embed-jasper\9.0.50\tomcat-embed-jasper-9.0.50.jar;D:\soft\Maven\Maven_Res\repository\org\apache\tomcat\embed\tomcat-embed-core\9.0.50\tomcat-embed-core-9.0.50.jar;D:\soft\Maven\Maven_Res\repository\org\apache\tomcat\tomcat-annotations-api\9.0.50\tomcat-annotations-api-9.0.50.jar;D:\soft\Maven\Maven_Res\repository\org\apache\tomcat\embed\tomcat-embed-el\9.0.50\tomcat-embed-el-9.0.50.jar;D:\soft\Maven\Maven_Res\repository\org\eclipse\jdt\ecj\3.18.0\ecj-3.18.0.jar;D:\soft\Maven\Maven_Res\repository\jstl\jstl\1.2\jstl-1.2.jar;D:\soft\Maven\Maven_Res\repository\org\apache\shiro\shiro-spring-boot-starter\1.5.3\shiro-spring-boot-starter-1.5.3.jar;D:\soft\Maven\Maven_Res\repository\org\apache\shiro\shiro-spring\1.5.3\shiro-spring-1.5.3.jar;D:\soft\Maven\Maven_Res\repository\org\apache\shiro\shiro-core\1.5.3\shiro-core-1.5.3.jar;D:\soft\Maven\Maven_Res\repository\org\apache\shiro\shiro-lang\1.5.3\shiro-lang-1.5.3.jar;D:\soft\Maven\Maven_Res\repository\org\apache\shiro\shiro-cache\1.5.3\shiro-cache-1.5.3.jar;D:\soft\Maven\Maven_Res\repository\org\apache\shiro\shiro-crypto-hash\1.5.3\shiro-crypto-hash-1.5.3.jar;D:\soft\Maven\Maven_Res\repository\org\apache\shiro\shiro-crypto-core\1.5.3\shiro-crypto-core-1.5.3.jar;D:\soft\Maven\Maven_Res\repository\org\apache\shiro\shiro-crypto-cipher\1.5.3\shiro-crypto-cipher-1.5.3.jar;D:\soft\Maven\Maven_Res\repository\org\apache\shiro\shiro-config-core\1.5.3\shiro-config-core-1.5.3.jar;D:\soft\Maven\Maven_Res\repository\org\apache\shiro\shiro-config-ogdl\1.5.3\shiro-config-ogdl-1.5.3.jar;D:\soft\Maven\Maven_Res\repository\commons-beanutils\commons-beanutils\1.9.4\commons-beanutils-1.9.4.jar;D:\soft\Maven\Maven_Res\repository\commons-collections\commons-collections\3.2.2\commons-collections-3.2.2.jar;D:\soft\Maven\Maven_Res\repository\org\apache\shiro\shiro-event\1.5.3\shiro-event-1.5.3.jar;D:\soft\Maven\Maven_Res\repository\org\apache\shiro\shiro-web\1.5.3\shiro-web-1.5.3.jar;D:\soft\Maven\Maven_Res\repository\org\owasp\encoder\encoder\1.2.2\encoder-1.2.2.jar;D:\soft\Maven\Maven_Res\repository\com\alibaba\druid\1.1.24\druid-1.1.24.jar;"/>
    <property name="sun.cpu.endian" value="little"/>
    <property name="user.home" value="C:\Users\Administrator"/>
    <property name="user.language" value="zh"/>
    <property name="java.specification.vendor" value="Oracle Corporation"/>
    <property name="java.home" value="D:\soft\JDK\8\64\jdk1.8.0_211\jre"/>
    <property name="basedir" value="G:\learn_workspace\springboot-shiro-01"/>
    <property name="file.separator" value="\"/>
    <property name="line.separator" value="&#10;"/>
    <property name="java.vm.specification.vendor" value="Oracle Corporation"/>
    <property name="java.specification.name" value="Java Platform API Specification"/>
    <property name="java.awt.graphicsenv" value="sun.awt.Win32GraphicsEnvironment"/>
    <property name="surefire.real.class.path" value="C:\Users\ADMINI~1\AppData\Local\Temp\surefire3383561664685202523\surefirebooter1021091501190879744.jar"/>
    <property name="sun.boot.class.path" value="D:\soft\JDK\8\64\jdk1.8.0_211\jre\lib\resources.jar;D:\soft\JDK\8\64\jdk1.8.0_211\jre\lib\rt.jar;D:\soft\JDK\8\64\jdk1.8.0_211\jre\lib\sunrsasign.jar;D:\soft\JDK\8\64\jdk1.8.0_211\jre\lib\jsse.jar;D:\soft\JDK\8\64\jdk1.8.0_211\jre\lib\jce.jar;D:\soft\JDK\8\64\jdk1.8.0_211\jre\lib\charsets.jar;D:\soft\JDK\8\64\jdk1.8.0_211\jre\lib\jfr.jar;D:\soft\JDK\8\64\jdk1.8.0_211\jre\classes"/>
    <property name="user.script" value=""/>
    <property name="sun.management.compiler" value="HotSpot 64-Bit Tiered Compilers"/>
    <property name="java.runtime.version" value="1.8.0_211-b12"/>
    <property name="user.name" value="Administrator"/>
    <property name="path.separator" value=";"/>
    <property name="os.version" value="6.1"/>
    <property name="java.endorsed.dirs" value="D:\soft\JDK\8\64\jdk1.8.0_211\jre\lib\endorsed"/>
    <property name="java.runtime.name" value="Java(TM) SE Runtime Environment"/>
    <property name="file.encoding" value="GBK"/>
    <property name="java.vm.name" value="Java HotSpot(TM) 64-Bit Server VM"/>
    <property name="localRepository" value="D:\soft\Maven\Maven_Res\repository"/>
    <property name="java.vendor.url.bug" value="http://bugreport.sun.com/bugreport/"/>
    <property name="java.io.tmpdir" value="C:\Users\ADMINI~1\AppData\Local\Temp\"/>
    <property name="java.version" value="1.8.0_211"/>
    <property name="user.dir" value="G:\learn_workspace\springboot-shiro-01"/>
    <property name="os.arch" value="amd64"/>
    <property name="java.vm.specification.name" value="Java Virtual Machine Specification"/>
    <property name="java.awt.printerjob" value="sun.awt.windows.WPrinterJob"/>
    <property name="sun.os.patch.level" value="Service Pack 1"/>
    <property name="idea.version2019.2" value="true"/>
    <property name="java.library.path" value="D:\soft\JDK\8\64\jdk1.8.0_211\jre\bin;C:\Windows\Sun\Java\bin;C:\Windows\system32;C:\Windows;D:\soft\IDE\IDEA\2019.02\IntelliJ IDEA 2019.2\jbr\\bin;D:\soft\IDE\IDEA\2019.02\IntelliJ IDEA 2019.2\jbr\\bin\server;C:\Program Files (x86)\Common Files\Oracle\Java\javapath;C:\Windows\system32;C:\Windows;C:\Windows\System32\Wbem;C:\Windows\System32\WindowsPowerShell\v1.0\;C:\Program Files (x86)\Windows7Master;D:\soft\JDK\8\64\jdk1.8.0_211\bin;D:\soft\JDK\8\64\jdk1.8.0_211\jre\bin;D:\soft\git&amp;svn\git\Git\cmd;D:\soft\Maven\Maven\apache-maven-3.3.9\bin\;;C:\Program Files (x86)\NVIDIA Corporation\PhysX\Common;C:\Program Files\NVIDIA Corporation\NVIDIA NvDLISR;D:\soft\bandizip\;."/>
    <property name="java.vm.info" value="mixed mode"/>
    <property name="java.vendor" value="Oracle Corporation"/>
    <property name="java.vm.version" value="25.211-b12"/>
    <property name="java.ext.dirs" value="D:\soft\JDK\8\64\jdk1.8.0_211\jre\lib\ext;C:\Windows\Sun\Java\lib\ext"/>
    <property name="sun.io.unicode.encoding" value="UnicodeLittle"/>
    <property name="java.class.version" value="52.0"/>
  </properties>
  <testcase name="contextLoads" classname="com.cuisf.SpringbootShiro01ApplicationTests" time="0.236"/>
</testsuite>